Arguments: 
  /Users/timdockins/.nvm/versions/node/v6.9.1/bin/node /usr/local/Cellar/yarn/1.22.4/libexec/bin/yarn.js install

PATH: 
  /var/folders/89/mrm9dgfj1bj98slkwp9drnn80000gn/T/yarn--1594129398693-0.98184089160479:/Users/timdockins/WebstormProjects/tigertrack/node_modules/.bin:/Users/timdockins/.config/yarn/link/node_modules/.bin:/Users/timdockins/.nvm/versions/node/v6.9.1/libexec/lib/node_modules/npm/bin/node-gyp-bin:/Users/timdockins/.nvm/versions/node/v6.9.1/lib/node_modules/npm/bin/node-gyp-bin:/Users/timdockins/.nvm/versions/node/v6.9.1/bin/node_modules/npm/bin/node-gyp-bin:/Users/timdockins/Downloads/google-cloud-sdk/bin:/usr/local/opt/icu4c/sbin:/usr/local/opt/icu4c/bin:/Users/timdockins/.nvm/versions/node/v6.9.1/bin:/usr/local/bin:/usr/bin:/bin:/usr/sbin:/sbin:/opt/X11/bin:/Users/timdockins/WebstormProjects/tigertrack/node_modules/.bin:/Users/timdockins/Q-MAP/code/scripts:/Users/timdockins/Q-MAP/code/qmap_3:/Users/timdockins/Library/Python/2.7/bin

Yarn version: 
  1.22.4

Node version: 
  6.9.1

Platform: 
  darwin x64

Trace: 
  Error: https://registry.yarnpkg.com/bower-webfontloader: Not found
      at Request.params.callback [as _callback] (/usr/local/Cellar/yarn/1.22.4/libexec/lib/cli.js:66987:18)
      at Request.self.callback (/usr/local/Cellar/yarn/1.22.4/libexec/lib/cli.js:140748:22)
      at emitTwo (events.js:106:13)
      at Request.emit (events.js:191:7)
      at Request.<anonymous> (/usr/local/Cellar/yarn/1.22.4/libexec/lib/cli.js:141720:10)
      at emitOne (events.js:96:13)
      at Request.emit (events.js:188:7)
      at IncomingMessage.<anonymous> (/usr/local/Cellar/yarn/1.22.4/libexec/lib/cli.js:141642:12)
      at IncomingMessage.g (events.js:291:16)
      at emitNone (events.js:91:20)

npm manifest: 
  {
    "name": "public",
    "version": "1.0.0",
    "main": "index.js",
    "license": "MIT",
    "dependencies": {
      "bootstrap": "^4.5.0",
      "angular"                   : "^1.4.7",
      "angular-loader"            : "~1.4.7",
      "angular-resource"          : "~1.4.7",
      "angular-mocks"             : "~1.4.7",
      "oauth-ng"                  : "~0.4.2",
      "angular-moment"            : "~0.10.3",
      "angular-bootstrap"         : "~0.14.3",
      "font-awesome"              : "~4.4.0",
      "angular-filter"            : "~0.5.7",
      "bootstrap-daterangepicker" : "~2.1.13",
      "angular-daterangepicker"   : "~0.2.0",
      "bower-webfontloader"       : "~1.6.6",
      "angular-animate"           : "~1.4.7",
      "angular-nvd3"              : "~1.0.2",
      "ui-navbar"                 : "~0.4.1",
      "angular-ui-router"         : "~0.2.15"
    }
  }

yarn manifest: 
  No manifest

Lockfile: 
  # THIS IS AN AUTOGENERATED FILE. DO NOT EDIT THIS FILE DIRECTLY.
  # yarn lockfile v1
  
  
  bootstrap@^4.5.0:
    version "4.5.0"
    resolved "https://registry.yarnpkg.com/bootstrap/-/bootstrap-4.5.0.tgz#97d9dbcb5a8972f8722c9962483543b907d9b9ec"
    integrity sha512-Z93QoXvodoVslA+PWNdk23Hze4RBYIkpb5h8I2HY2Tu2h7A0LpAgLcyrhrSUyo2/Oxm2l1fRZPs1e5hnxnliXA==
